<?xml version="1.0" encoding="UTF-8"?>
<!-- Generated by org.testng.reporters.JUnitReportReporter -->
<testsuite hostname="Admin" failures="0" tests="5" name="com.nopcommerce.user.TC_Search_With_SearchBar" time="2.300" errors="0" timestamp="24 May 2022 16:17:07 GMT" skipped="0">
  <testcase classname="com.nopcommerce.user.TC_Search_With_SearchBar" name="TC_02_Search_Less_Than_3_Characters" time="0.622"/>
  <testcase classname="com.nopcommerce.user.TC_Search_With_SearchBar" name="TC_03_Search_Return_No_Value" time="0.523"/>
  <testcase classname="com.nopcommerce.user.TC_Search_With_SearchBar" name="TC_04_Search_Return_Multiple_Value" time="0.576"/>
  <testcase classname="com.nopcommerce.user.TC_Search_With_SearchBar" name="TC_01_Search_Empty_Data" time="0.092"/>
  <testcase classname="com.nopcommerce.user.TC_Search_With_SearchBar" name="TC_05_Search_Return_One_Value" time="0.487"/>
</testsuite> <!-- com.nopcommerce.user.TC_Search_With_SearchBar -->
