<?xml version="1.0" encoding="UTF-8"?>
<!-- Generated by org.testng.reporters.JUnitReportReporter -->
<testsuite hostname="Admin" failures="0" tests="1" name="com.nopcommerce.user.TC_Order" time="14.332" errors="0" timestamp="06 Jun 2022 16:25:23 GMT" skipped="0">
  <testcase classname="com.nopcommerce.user.TC_Order" name="TC_05_Update_Product_Quantity" time="14.332"/>
</testsuite> <!-- com.nopcommerce.user.TC_Order -->
