<?xml version="1.0" encoding="UTF-8"?>
<!-- Generated by org.testng.reporters.JUnitReportReporter -->
<testsuite hostname="Admin" failures="0" tests="1" name="com.nopcommerce.user.TC_Order" time="5.068" errors="0" timestamp="05 Jun 2022 17:18:04 GMT" skipped="0">
  <testcase classname="com.nopcommerce.user.TC_Order" name="TC_04_Update_Product_Quantity" time="5.068"/>
</testsuite> <!-- com.nopcommerce.user.TC_Order -->
