<?xml version="1.0" encoding="UTF-8"?>
<!-- Generated by org.testng.reporters.JUnitReportReporter -->
<testsuite hostname="Admin" failures="0" tests="1" name="com.nopcommerce.user.TC_Update_Customer_Info" time="2.832" errors="0" timestamp="20 May 2022 16:24:44 GMT" skipped="0">
  <testcase classname="com.nopcommerce.user.TC_Update_Customer_Info" name="TC_01_Update_Customer_Info" time="2.832"/>
</testsuite> <!-- com.nopcommerce.user.TC_Update_Customer_Info -->
