<?xml version="1.0" encoding="UTF-8"?>
<!-- Generated by org.testng.reporters.JUnitReportReporter -->
<testsuite hostname="Admin" failures="0" tests="5" name="com.nopcommerce.user.TC_Wishlist_Compare_Recent_View" time="36.115" errors="0" timestamp="04 Jun 2022 15:53:43 GMT" skipped="0">
  <testcase classname="com.nopcommerce.user.TC_Wishlist_Compare_Recent_View" name="TC_02_Add_To_Product_Cart" time="12.485"/>
  <testcase classname="com.nopcommerce.user.TC_Wishlist_Compare_Recent_View" name="TC_04_Add_Product_To_Compare" time="7.287"/>
  <testcase classname="com.nopcommerce.user.TC_Wishlist_Compare_Recent_View" name="TC_05_Check_Recently_View_Product" time="2.870"/>
  <testcase classname="com.nopcommerce.user.TC_Wishlist_Compare_Recent_View" name="TC_03_Check_Empty_Wishlist" time="2.442"/>
  <testcase classname="com.nopcommerce.user.TC_Wishlist_Compare_Recent_View" name="TC_01_Add_To_Wishlist" time="11.031"/>
</testsuite> <!-- com.nopcommerce.user.TC_Wishlist_Compare_Recent_View -->
