<?xml version="1.0" encoding="UTF-8"?>
<!-- Generated by org.testng.reporters.JUnitReportReporter -->
<testsuite hostname="Admin" failures="0" tests="1" name="com.zippopotam.api.TC_Check_Response_Value" time="2.046" errors="0" timestamp="11 Jun 2022 16:10:05 GMT" skipped="0">
  <testcase classname="com.zippopotam.api.TC_Check_Response_Value" name="TC_01_Check_Status_Code_200" time="2.046"/>
</testsuite> <!-- com.zippopotam.api.TC_Check_Response_Value -->
