<?xml version="1.0" encoding="UTF-8"?>
<!-- Generated by org.testng.reporters.JUnitReportReporter -->
<testsuite hostname="Admin" failures="0" tests="2" name="com.zippopotam.api.TC_Check_Response" time="2.676" errors="0" timestamp="11 Jun 2022 11:40:57 GMT" skipped="0">
  <testcase classname="com.zippopotam.api.TC_Check_Response" name="TC_02_Check_Status_Code_404" time="0.937"/>
  <testcase classname="com.zippopotam.api.TC_Check_Response" name="TC_01_Check_Status_Code_200" time="1.739"/>
</testsuite> <!-- com.zippopotam.api.TC_Check_Response -->
