<?xml version="1.0" encoding="UTF-8"?>
<!-- Generated by org.testng.reporters.JUnitReportReporter -->
<testsuite hostname="Admin" failures="0" tests="9" name="com.nopcommerce.user.TC_Search_Advanced" time="5.490" errors="0" timestamp="24 May 2022 16:17:07 GMT" skipped="0">
  <testcase classname="com.nopcommerce.user.TC_Search_Advanced" name="TC_06_Advanced_Search_Parent_Category" time="0.664"/>
  <testcase classname="com.nopcommerce.user.TC_Search_Advanced" name="TC_04_Relative_Search_With_Product_Name" time="0.590"/>
  <testcase classname="com.nopcommerce.user.TC_Search_Advanced" name="TC_02_Search_Less_Than_3_Characters" time="0.481"/>
  <testcase classname="com.nopcommerce.user.TC_Search_Advanced" name="TC_01_Search_Empty_Data" time="0.463"/>
  <testcase classname="com.nopcommerce.user.TC_Search_Advanced" name="TC_09_Advanced_Search_Correct_Manufacturer" time="0.767"/>
  <testcase classname="com.nopcommerce.user.TC_Search_Advanced" name="TC_05_Absolute_Search_With_Product_Name" time="0.504"/>
  <testcase classname="com.nopcommerce.user.TC_Search_Advanced" name="TC_03_Search_Return_No_Value" time="0.505"/>
  <testcase classname="com.nopcommerce.user.TC_Search_Advanced" name="TC_07_Advanced_Search_Sub_Category" time="0.724"/>
  <testcase classname="com.nopcommerce.user.TC_Search_Advanced" name="TC_08_Advanced_Search_Incorrect_Manufacturer" time="0.792"/>
</testsuite> <!-- com.nopcommerce.user.TC_Search_Advanced -->
