<?xml version="1.0" encoding="UTF-8"?>
<!-- Generated by org.testng.reporters.JUnitReportReporter -->
<testsuite hostname="Admin" failures="0" tests="1" name="com.nopcommerce.user.TC_Order" time="10.235" errors="0" timestamp="04 Jun 2022 17:13:40 GMT" skipped="0">
  <testcase classname="com.nopcommerce.user.TC_Order" name="TC_03_Register_Sucessfully" time="10.235"/>
</testsuite> <!-- com.nopcommerce.user.TC_Order -->
