<?xml version="1.0" encoding="UTF-8"?>
<!-- Generated by org.testng.reporters.JUnitReportReporter -->
<testsuite hostname="Admin" failures="0" tests="5" name="com.nopcommerce.user.TC_Search_With_SearchBar" time="2.239" errors="0" timestamp="21 May 2022 11:02:03 GMT" skipped="0">
  <testcase classname="com.nopcommerce.user.TC_Search_With_SearchBar" name="TC_02_Search_Less_Than_3_Characters" time="0.573"/>
  <testcase classname="com.nopcommerce.user.TC_Search_With_SearchBar" name="TC_03_Search_Return_No_Value" time="0.512"/>
  <testcase classname="com.nopcommerce.user.TC_Search_With_SearchBar" name="TC_01_Search_Empty_Data" time="0.094"/>
  <testcase classname="com.nopcommerce.user.TC_Search_With_SearchBar" name="TC_05_Search_Return_One_Value" time="0.498"/>
  <testcase classname="com.nopcommerce.user.TC_Search_With_SearchBar" name="TC_04_Search_Return_Multiple_Value" time="0.562"/>
</testsuite> <!-- com.nopcommerce.user.TC_Search_With_SearchBar -->
