<?xml version="1.0" encoding="UTF-8"?>
<!-- Generated by org.testng.reporters.JUnitReportReporter -->
<testsuite hostname="Admin" failures="0" tests="6" name="com.nopcommerce.user.TC_Login" time="5.482" errors="0" timestamp="02 May 2022 15:17:18 GMT" skipped="0">
  <testcase classname="com.nopcommerce.user.TC_Login" name="TC_01_Login_Empty" time="0.828"/>
  <testcase classname="com.nopcommerce.user.TC_Login" name="TC_03_Login_Not_Registered_Email" time="1.011"/>
  <testcase classname="com.nopcommerce.user.TC_Login" name="TC_05_Login_With_Wrong_Password" time="1.079"/>
  <testcase classname="com.nopcommerce.user.TC_Login" name="TC_02_Login_Invalid_Email" time="0.513"/>
  <testcase classname="com.nopcommerce.user.TC_Login" name="TC_04_Login_With_Empty_Password" time="0.822"/>
  <testcase classname="com.nopcommerce.user.TC_Login" name="TC_06_Login_Successfully" time="1.229"/>
</testsuite> <!-- com.nopcommerce.user.TC_Login -->
