<?xml version="1.0" encoding="UTF-8"?>
<!-- Generated by org.testng.reporters.JUnitReportReporter -->
<testsuite hostname="Admin" failures="0" tests="2" name="com.bankguru.TC_AddAndEditNewCustomer" time="9.031" errors="0" timestamp="24 Sep 2022 17:01:49 GMT" skipped="0">
  <testcase classname="com.bankguru.TC_AddAndEditNewCustomer" name="TC_01_Edit_New_Customer" time="6.677"/>
  <testcase classname="com.bankguru.TC_AddAndEditNewCustomer" name="TC_01_Create_New_Customer" time="2.354"/>
</testsuite> <!-- com.bankguru.TC_AddAndEditNewCustomer -->
