<?xml version="1.0" encoding="UTF-8"?>
<!-- Generated by org.testng.reporters.JUnitReportReporter -->
<testsuite hostname="Admin" failures="0" tests="5" name="com.nopcommerce.user.TC_Sort_Display_Paging" time="49.825" errors="0" timestamp="24 May 2022 18:32:14 GMT" skipped="0">
  <testcase classname="com.nopcommerce.user.TC_Sort_Display_Paging" name="TC_06_Display_9_Value" time="5.633"/>
  <testcase classname="com.nopcommerce.user.TC_Sort_Display_Paging" name="TC_02_Sort_Low_To_High" time="0.652"/>
  <testcase classname="com.nopcommerce.user.TC_Sort_Display_Paging" name="TC_05_Display_6_Value" time="11.700"/>
  <testcase classname="com.nopcommerce.user.TC_Sort_Display_Paging" name="TC_04_Display_3_Value" time="31.130"/>
  <testcase classname="com.nopcommerce.user.TC_Sort_Display_Paging" name="TC_01_Sort_A_To_Z" time="0.710"/>
</testsuite> <!-- com.nopcommerce.user.TC_Sort_Display_Paging -->
