<?xml version="1.0" encoding="UTF-8"?>
<!-- Generated by org.testng.reporters.JUnitReportReporter -->
<testsuite hostname="Admin" failures="0" tests="1" name="com.nopcommerce.user.TC_Wishlist_Compare_Recent_View" time="42.600" errors="0" timestamp="31 May 2022 16:53:19 GMT" skipped="0">
  <testcase classname="com.nopcommerce.user.TC_Wishlist_Compare_Recent_View" name="TC_01_Search_Empty_Data" time="42.600"/>
</testsuite> <!-- com.nopcommerce.user.TC_Wishlist_Compare_Recent_View -->
