<?xml version="1.0" encoding="UTF-8"?>
<!-- Generated by org.testng.reporters.JUnitReportReporter -->
<testsuite hostname="Admin" failures="0" tests="3" name="com.wordpress.portal.TC_Login" time="3.156" errors="0" timestamp="12 Jun 2022 17:10:04 GMT" skipped="0">
  <testcase classname="com.wordpress.portal.TC_Login" name="TC_02_Login_Not_Exist_Username" time="0.811"/>
  <testcase classname="com.wordpress.portal.TC_Login" name="TC_01_Login_Empty_Username_Password" time="1.501"/>
  <testcase classname="com.wordpress.portal.TC_Login" name="TC_03_Login_Invalid_Password" time="0.844"/>
</testsuite> <!-- com.wordpress.portal.TC_Login -->
