<?xml version="1.0" encoding="UTF-8"?>
<!-- Generated by org.testng.reporters.JUnitReportReporter -->
<testsuite hostname="Admin" failures="0" tests="1" name="com.nopcommerce.user.TC_Add_New_Address" time="3.260" errors="0" timestamp="20 May 2022 17:18:48 GMT" skipped="0">
  <testcase classname="com.nopcommerce.user.TC_Add_New_Address" name="TC_Update_Address" time="3.260"/>
</testsuite> <!-- com.nopcommerce.user.TC_Add_New_Address -->
