<?xml version="1.0" encoding="UTF-8"?>
<!-- Generated by org.testng.reporters.JUnitReportReporter -->
<testsuite hostname="Admin" failures="0" tests="6" name="com.nopcommerce.user.TC_Sort_Display_Paging" time="50.536" errors="0" timestamp="31 May 2022 15:18:43 GMT" skipped="0">
  <testcase classname="com.nopcommerce.user.TC_Sort_Display_Paging" name="TC_01_Sort_A_To_Z" time="0.725"/>
  <testcase classname="com.nopcommerce.user.TC_Sort_Display_Paging" name="TC_02_Sort_Low_To_High" time="0.647"/>
  <testcase classname="com.nopcommerce.user.TC_Sort_Display_Paging" name="TC_04_Display_3_Value" time="31.165"/>
  <testcase classname="com.nopcommerce.user.TC_Sort_Display_Paging" name="TC_05_Display_6_Value" time="11.725"/>
  <testcase classname="com.nopcommerce.user.TC_Sort_Display_Paging" name="TC_06_Display_9_Value" time="5.642"/>
  <testcase classname="com.nopcommerce.user.TC_Sort_Display_Paging" name="TC_03_Sort_High_To_Low" time="0.632"/>
</testsuite> <!-- com.nopcommerce.user.TC_Sort_Display_Paging -->
