<?xml version="1.0" encoding="UTF-8"?>
<!-- Generated by org.testng.reporters.JUnitReportReporter -->
<testsuite hostname="Admin" failures="0" tests="1" name="com.bankguru.TC_Login" time="2.413" errors="0" timestamp="30 Aug 2022 18:02:43 GMT" skipped="0">
  <testcase classname="com.bankguru.TC_Login" name="TC_01_Login_Successfully" time="2.413"/>
</testsuite> <!-- com.bankguru.TC_Login -->
