<?xml version="1.0" encoding="UTF-8"?>
<!-- Generated by org.testng.reporters.JUnitReportReporter -->
<testsuite hostname="Admin" failures="0" tests="6" name="com.nopcommerce.user.TC_Order" time="48.731" errors="0" timestamp="08 Jun 2022 16:51:34 GMT" skipped="0">
  <testcase classname="com.nopcommerce.user.TC_Order" name="TC_03_Remove_Product" time="6.725"/>
  <testcase classname="com.nopcommerce.user.TC_Order" name="TC_06_Reorder" time="10.064"/>
  <testcase classname="com.nopcommerce.user.TC_Order" name="TC_05_Checkout_With_Credit_Card" time="13.888"/>
  <testcase classname="com.nopcommerce.user.TC_Order" name="TC_01_Add_Product_To_Cart" time="4.019"/>
  <testcase classname="com.nopcommerce.user.TC_Order" name="TC_02_Edit_Product" time="5.041"/>
  <testcase classname="com.nopcommerce.user.TC_Order" name="TC_04_Update_Product_Quantity" time="8.994"/>
</testsuite> <!-- com.nopcommerce.user.TC_Order -->
