<?xml version="1.0" encoding="UTF-8"?>
<!-- Generated by org.testng.reporters.JUnitReportReporter -->
<testsuite hostname="Admin" failures="0" tests="1" name="com.bankguru.TC_AddNewCustomer" time="2.571" errors="0" timestamp="18 Sep 2022 18:15:02 GMT" skipped="0">
  <testcase classname="com.bankguru.TC_AddNewCustomer" name="TC_01_Create_New_Customer" time="2.571"/>
</testsuite> <!-- com.bankguru.TC_AddNewCustomer -->
