<?xml version="1.0" encoding="UTF-8"?>
<!-- Generated by org.testng.reporters.JUnitReportReporter -->
<testsuite hostname="Admin" failures="0" tests="1" name="com.nopcommerce.user.TC_Review_Product" time="6.390" errors="0" timestamp="21 May 2022 08:41:06 GMT" skipped="0">
  <testcase classname="com.nopcommerce.user.TC_Review_Product" name="TC_01_Review_Product" time="6.390"/>
</testsuite> <!-- com.nopcommerce.user.TC_Review_Product -->
