<?xml version="1.0" encoding="UTF-8"?>
<!-- Generated by org.testng.reporters.JUnitReportReporter -->
<testsuite hostname="Admin" failures="0" tests="5" name="com.nopcommerce.user.TC_Search" time="2.200" errors="0" timestamp="02 May 2022 15:17:18 GMT" skipped="0">
  <testcase classname="com.nopcommerce.user.TC_Search" name="TC_03_Search_Return_No_Value" time="0.501"/>
  <testcase classname="com.nopcommerce.user.TC_Search" name="TC_01_Search_Empty_Data" time="0.056"/>
  <testcase classname="com.nopcommerce.user.TC_Search" name="TC_02_Search_Less_Than_3_Characters" time="0.570"/>
  <testcase classname="com.nopcommerce.user.TC_Search" name="TC_04_Relative_Search_With_Product_Name" time="0.575"/>
  <testcase classname="com.nopcommerce.user.TC_Search" name="TC_05_Absolute_Search_With_Product_Name" time="0.498"/>
</testsuite> <!-- com.nopcommerce.user.TC_Search -->
