<?xml version="1.0" encoding="UTF-8"?>
<!-- Generated by org.testng.reporters.JUnitReportReporter -->
<testsuite hostname="Admin" failures="0" tests="3" name="com.nopcommerce.user.TC_Change_Password" time="6.304" errors="0" timestamp="20 May 2022 17:18:48 GMT" skipped="0">
  <testcase classname="com.nopcommerce.user.TC_Change_Password" name="TC_01_Change_Password" time="4.117"/>
  <testcase classname="com.nopcommerce.user.TC_Change_Password" name="TC_03_Login_Successfully_With_New_Password" time="1.240"/>
  <testcase classname="com.nopcommerce.user.TC_Change_Password" name="TC_02_Login_Falied_With_Old_Password" time="0.947"/>
</testsuite> <!-- com.nopcommerce.user.TC_Change_Password -->
