<?xml version="1.0" encoding="UTF-8"?>
<!-- Generated by org.testng.reporters.JUnitReportReporter -->
<testsuite hostname="Admin" failures="0" tests="2" name="com.bankguru.TC_ValidateCustomer" time="0.888" errors="0" timestamp="02 Dec 2022 16:35:24 GMT" skipped="0">
  <testcase classname="com.bankguru.TC_ValidateCustomer" name="TC_01_Empty_Customer" time="0.547"/>
  <testcase classname="com.bankguru.TC_ValidateCustomer" name="TC_02_Verify_Blank_Error" time="0.341"/>
</testsuite> <!-- com.bankguru.TC_ValidateCustomer -->
