<?xml version="1.0" encoding="UTF-8"?>
<!-- Generated by org.testng.reporters.JUnitReportReporter -->
<testsuite hostname="Admin" failures="0" tests="2" name="com.bankguru.TC_AddAndEditNewCustomer" time="7.690" errors="0" timestamp="02 Dec 2022 14:32:18 GMT" skipped="0">
  <testcase classname="com.bankguru.TC_AddAndEditNewCustomer" name="TC_02_Edit_New_Customer" time="5.174"/>
  <testcase classname="com.bankguru.TC_AddAndEditNewCustomer" name="TC_01_Create_New_Customer" time="2.516"/>
</testsuite> <!-- com.bankguru.TC_AddAndEditNewCustomer -->
