<?xml version="1.0" encoding="UTF-8"?>
<!-- Generated by org.testng.reporters.JUnitReportReporter -->
<testsuite hostname="Admin" failures="0" tests="6" name="com.nopcommerce.user.TC_Order" time="64.731" errors="0" timestamp="12 Jun 2022 13:11:52 GMT" skipped="0">
  <testcase classname="com.nopcommerce.user.TC_Order" name="TC_06_Reorder" time="14.629"/>
  <testcase classname="com.nopcommerce.user.TC_Order" name="TC_01_Add_Product_To_Cart" time="9.685"/>
  <testcase classname="com.nopcommerce.user.TC_Order" name="TC_03_Remove_Product" time="6.730"/>
  <testcase classname="com.nopcommerce.user.TC_Order" name="TC_02_Edit_Product" time="4.404"/>
  <testcase classname="com.nopcommerce.user.TC_Order" name="TC_05_Checkout_With_Credit_Card" time="19.542"/>
  <testcase classname="com.nopcommerce.user.TC_Order" name="TC_04_Update_Product_Quantity" time="9.741"/>
</testsuite> <!-- com.nopcommerce.user.TC_Order -->
