<?xml version="1.0" encoding="UTF-8"?>
<!-- Generated by org.testng.reporters.JUnitReportReporter -->
<testsuite hostname="Admin" failures="0" tests="1" name="com.nopcommerce.user.TC_Wishlist_Compare_Recent_View" time="6.603" errors="0" timestamp="03 Jun 2022 16:22:59 GMT" skipped="0">
  <testcase classname="com.nopcommerce.user.TC_Wishlist_Compare_Recent_View" name="TC_04_Add_Product_To_Compare" time="6.603"/>
</testsuite> <!-- com.nopcommerce.user.TC_Wishlist_Compare_Recent_View -->
